13/01/2020 15:23:53 passing arg to libvncserver: -rfbport
13/01/2020 15:23:53 passing arg to libvncserver: 60002
13/01/2020 15:23:53 passing arg to libvncserver: -rfbportv6
13/01/2020 15:23:53 passing arg to libvncserver: 60002
###############################################################
#@@@@@@@@@@@@@@@@@@@@@@@@@@@@@@@@@@@@@@@@@@@@@@@@@@@@@@@@@@@@@#
#@                                                           @#
#@  **  WARNING  **  WARNING  **  WARNING  **  WARNING  **   @#
#@                                                           @#
#@        YOU ARE RUNNING X11VNC WITHOUT A PASSWORD!!        @#
#@                                                           @#
#@  This means anyone with network access to this computer   @#
#@  may be able to view and control your desktop.            @#
#@                                                           @#
#@ >>> If you did not mean to do this Press CTRL-C now!! <<< @#
#@                                                           @#
#@@@@@@@@@@@@@@@@@@@@@@@@@@@@@@@@@@@@@@@@@@@@@@@@@@@@@@@@@@@@@#
#@                                                           @#
#@  You can create an x11vnc password file by running:       @#
#@                                                           @#
#@       x11vnc -storepasswd password /path/to/passfile      @#
#@  or   x11vnc -storepasswd /path/to/passfile               @#
#@  or   x11vnc -storepasswd                                 @#
#@                                                           @#
#@  (the last one will use ~/.vnc/passwd)                    @#
#@                                                           @#
#@  and then starting x11vnc via:                            @#
#@                                                           @#
#@      x11vnc -rfbauth /path/to/passfile                    @#
#@                                                           @#
#@  an existing ~/.vnc/passwd file from another VNC          @#
#@  application will work fine too.                          @#
#@                                                           @#
#@  You can also use the -passwdfile or -passwd options.     @#
#@  (note -passwd is unsafe if local users are not trusted)  @#
#@                                                           @#
#@  Make sure any -rfbauth and -passwdfile password files    @#
#@  cannot be read by untrusted users.                       @#
#@                                                           @#
#@  Use x11vnc -usepw to automatically use your              @#
#@  ~/.vnc/passwd or ~/.vnc/passwdfile password files.       @#
#@  (and prompt you to create ~/.vnc/passwd if neither       @#
#@  file exists.)  Under -usepw, x11vnc will exit if it      @#
#@  cannot find a password to use.                           @#
#@                                                           @#
#@                                                           @#
#@  Even with a password, the subsequent VNC traffic is      @#
#@  sent in the clear.  Consider tunnelling via ssh(1):      @#
#@                                                           @#
#@    http://www.karlrunge.com/x11vnc/#tunnelling            @#
#@                                                           @#
#@  Or using the x11vnc SSL options: -ssl and -stunnel       @#
#@                                                           @#
#@  Please Read the documention for more info about          @#
#@  passwords, security, and encryption.                     @#
#@                                                           @#
#@    http://www.karlrunge.com/x11vnc/faq.html#faq-passwd    @#
#@                                                           @#
#@  To disable this warning use the -nopw option, or put     @#
#@  'nopw' on a line in your ~/.x11vncrc file.               @#
#@                                                           @#
#@@@@@@@@@@@@@@@@@@@@@@@@@@@@@@@@@@@@@@@@@@@@@@@@@@@@@@@@@@@@@#
###############################################################
13/01/2020 15:23:54 x11vnc version: 0.9.13 lastmod: 2011-08-10  pid: 173
13/01/2020 15:23:56 Using X display :45
13/01/2020 15:23:56 rootwin: 0x25c reswin: 0x400001 dpy: 0x1d67200
13/01/2020 15:23:56 
13/01/2020 15:23:56 ------------------ USEFUL INFORMATION ------------------
13/01/2020 15:23:56 X DAMAGE available on display, using it for polling hints.
13/01/2020 15:23:56   To disable this behavior use: '-noxdamage'
13/01/2020 15:23:56 
13/01/2020 15:23:56   Most compositing window managers like 'compiz' or 'beryl'
13/01/2020 15:23:56   cause X DAMAGE to fail, and so you may not see any screen
13/01/2020 15:23:56   updates via VNC.  Either disable 'compiz' (recommended) or
13/01/2020 15:23:56   supply the x11vnc '-noxdamage' command line option.
13/01/2020 15:23:56 
13/01/2020 15:23:56 Wireframing: -wireframe mode is in effect for window moves.
13/01/2020 15:23:56   If this yields undesired behavior (poor response, painting
13/01/2020 15:23:56   errors, etc) it may be disabled:
13/01/2020 15:23:56    - use '-nowf' to disable wireframing completely.
13/01/2020 15:23:56    - use '-nowcr' to disable the Copy Rectangle after the
13/01/2020 15:23:56      moved window is released in the new position.
13/01/2020 15:23:56   Also see the -help entry for tuning parameters.
13/01/2020 15:23:56   You can press 3 Alt_L's (Left "Alt" key) in a row to 
13/01/2020 15:23:56   repaint the screen, also see the -fixscreen option for
13/01/2020 15:23:56   periodic repaints.
13/01/2020 15:23:56 
13/01/2020 15:23:56 XFIXES available on display, resetting cursor mode
13/01/2020 15:23:56   to: '-cursor most'.
13/01/2020 15:23:56   to disable this behavior use: '-cursor arrow'
13/01/2020 15:23:56   or '-noxfixes'.
13/01/2020 15:23:56 using XFIXES for cursor drawing.
13/01/2020 15:23:56 GrabServer control via XTEST.
13/01/2020 15:23:56 
13/01/2020 15:23:56 Scroll Detection: -scrollcopyrect mode is in effect to
13/01/2020 15:23:56   use RECORD extension to try to detect scrolling windows
13/01/2020 15:23:56   (induced by either user keystroke or mouse input).
13/01/2020 15:23:56   If this yields undesired behavior (poor response, painting
13/01/2020 15:23:56   errors, etc) it may be disabled via: '-noscr'
13/01/2020 15:23:56   Also see the -help entry for tuning parameters.
13/01/2020 15:23:56   You can press 3 Alt_L's (Left "Alt" key) in a row to 
13/01/2020 15:23:56   repaint the screen, also see the -fixscreen option for
13/01/2020 15:23:56   periodic repaints.
13/01/2020 15:23:56 
13/01/2020 15:23:56 XKEYBOARD: number of keysyms per keycode 7 is greater
13/01/2020 15:23:56   than 4 and 51 keysyms are mapped above 4.
13/01/2020 15:23:56   Automatically switching to -xkb mode.
13/01/2020 15:23:56   If this makes the key mapping worse you can
13/01/2020 15:23:56   disable it with the "-noxkb" option.
13/01/2020 15:23:56   Also, remember "-remap DEAD" for accenting characters.
13/01/2020 15:23:56 
13/01/2020 15:23:56 X FBPM extension not supported.
13/01/2020 15:23:56 X display is not capable of DPMS.
13/01/2020 15:23:56 --------------------------------------------------------
13/01/2020 15:23:56 
13/01/2020 15:23:56 Default visual ID: 0x21
13/01/2020 15:23:56 Read initial data from X display into framebuffer.
13/01/2020 15:23:56 initialize_screen: fb_depth/fb_bpp/fb_Bpl 24/32/7680
13/01/2020 15:23:56 
13/01/2020 15:23:56 X display :45 is 32bpp depth=24 true color
13/01/2020 15:23:56 
13/01/2020 15:23:56 Listening for VNC connections on TCP port 60002
13/01/2020 15:23:56 Listening for VNC connections on TCP6 port 60002
13/01/2020 15:23:56 listen6: bind: Address already in use
13/01/2020 15:23:56 Not listening on IPv6 interface.
13/01/2020 15:23:56 
13/01/2020 15:23:56 Xinerama is present and active (e.g. multi-head).
13/01/2020 15:23:56 Xinerama: number of sub-screens: 1
13/01/2020 15:23:56 Xinerama: no blackouts needed (only one sub-screen)
13/01/2020 15:23:56 
13/01/2020 15:23:56 fb read rate: 1175 MB/sec
13/01/2020 15:23:56 fast read: reset -wait  ms to: 10
13/01/2020 15:23:56 fast read: reset -defer ms to: 10
13/01/2020 15:23:56 The X server says there are 10 mouse buttons.
13/01/2020 15:23:56 screen setup finished.
13/01/2020 15:23:56 
13/01/2020 15:23:56 WARNING: You are running x11vnc WITHOUT a password.  See
13/01/2020 15:23:56 WARNING: the warning message printed above for more info.
13/01/2020 15:23:56 

The VNC desktop is:      74d3d2eb668b:54102
13/01/2020 15:23:56 possible aliases:  74d3d2eb668b:60002, 74d3d2eb668b::60002

******************************************************************************
Have you tried the x11vnc '-ncache' VNC client-side pixel caching feature yet?

The scheme stores pixel data offscreen on the VNC viewer side for faster
retrieval.  It should work with any VNC viewer.  Try it by running:

    x11vnc -ncache 10 ...

One can also add -ncache_cr for smooth 'copyrect' window motion.
More info: http://www.karlrunge.com/x11vnc/faq.html#faq-client-caching

13/01/2020 15:23:57 Got connection from client 127.0.0.1
13/01/2020 15:23:57   other clients:
13/01/2020 15:23:57 webSocketsHandshake: unknown connection error
13/01/2020 15:23:57 Client 127.0.0.1 gone
13/01/2020 15:23:57 Statistics             events    Transmit/ RawEquiv ( saved)
13/01/2020 15:23:57  TOTALS              :      0 |         0/        0 (  0.0%)
13/01/2020 15:23:57 Statistics             events    Received/ RawEquiv ( saved)
13/01/2020 15:23:57  TOTALS              :      0 |         0/        0 (  0.0%)
13/01/2020 15:23:57 Got connection from client 127.0.0.1
13/01/2020 15:23:57   other clients:
13/01/2020 15:23:57 webSocketsHandshake: unknown connection error
13/01/2020 15:23:57 Client 127.0.0.1 gone
13/01/2020 15:23:57 Statistics             events    Transmit/ RawEquiv ( saved)
13/01/2020 15:23:57  TOTALS              :      0 |         0/        0 (  0.0%)
13/01/2020 15:23:57 Statistics             events    Received/ RawEquiv ( saved)
13/01/2020 15:23:57  TOTALS              :      0 |         0/        0 (  0.0%)
